[2023-11-16 19:04:01,698] INFO [ControllerEventThread controllerId=0] Starting (kafka.controller.ControllerEventManager$ControllerEventThread)
[2023-11-16 19:04:01,714] INFO [Controller id=0] 0 successfully elected as the controller. Epoch incremented to 2 and epoch zk version is now 2 (kafka.controller.KafkaController)
[2023-11-16 19:04:01,716] INFO [Controller id=0] Registering handlers (kafka.controller.KafkaController)
[2023-11-16 19:04:01,722] INFO [Controller id=0] Deleting log dir event notifications (kafka.controller.KafkaController)
[2023-11-16 19:04:01,724] INFO [Controller id=0] Deleting isr change notifications (kafka.controller.KafkaController)
[2023-11-16 19:04:01,727] INFO [Controller id=0] Initializing controller context (kafka.controller.KafkaController)
[2023-11-16 19:04:01,743] INFO [Controller id=0] Initialized broker epochs cache: HashMap(0 -> 52) (kafka.controller.KafkaController)
[2023-11-16 19:04:01,765] DEBUG [Controller id=0] Register BrokerModifications handler for Set(0) (kafka.controller.KafkaController)
[2023-11-16 19:04:01,777] DEBUG [Channel manager on controller 0]: Controller 0 trying to connect to broker 0 (kafka.controller.ControllerChannelManager)
[2023-11-16 19:04:01,782] INFO [RequestSendThread controllerId=0] Starting (kafka.controller.RequestSendThread)
[2023-11-16 19:04:01,783] INFO [Controller id=0] Currently active brokers in the cluster: Set(0) (kafka.controller.KafkaController)
[2023-11-16 19:04:01,783] INFO [Controller id=0] Currently shutting brokers in the cluster: HashSet() (kafka.controller.KafkaController)
[2023-11-16 19:04:01,783] INFO [Controller id=0] Current list of topics in the cluster: HashSet(testtopic) (kafka.controller.KafkaController)
[2023-11-16 19:04:01,784] INFO [Controller id=0] Fetching topic deletions in progress (kafka.controller.KafkaController)
[2023-11-16 19:04:01,787] INFO [Controller id=0] List of topics to be deleted:  (kafka.controller.KafkaController)
[2023-11-16 19:04:01,787] INFO [Controller id=0] List of topics ineligible for deletion:  (kafka.controller.KafkaController)
[2023-11-16 19:04:01,788] INFO [Controller id=0] Initializing topic deletion manager (kafka.controller.KafkaController)
[2023-11-16 19:04:01,788] INFO [Topic Deletion Manager 0] Initializing manager with initial deletions: Set(), initial ineligible deletions: HashSet() (kafka.controller.TopicDeletionManager)
[2023-11-16 19:04:01,789] INFO [Controller id=0] Sending update metadata request (kafka.controller.KafkaController)
[2023-11-16 19:04:01,798] INFO [ReplicaStateMachine controllerId=0] Initializing replica state (kafka.controller.ZkReplicaStateMachine)
[2023-11-16 19:04:01,802] INFO [ReplicaStateMachine controllerId=0] Triggering online replica state changes (kafka.controller.ZkReplicaStateMachine)
[2023-11-16 19:04:01,805] WARN [RequestSendThread controllerId=0] Controller 0's connection to broker aryan-Swift-SF314-55G:9092 (id: 0 rack: null) was unsuccessful (kafka.controller.RequestSendThread)
java.io.IOException: Connection to aryan-Swift-SF314-55G:9092 (id: 0 rack: null) failed.
	at org.apache.kafka.clients.NetworkClientUtils.awaitReady(NetworkClientUtils.java:70)
	at kafka.controller.RequestSendThread.brokerReady(ControllerChannelManager.scala:298)
	at kafka.controller.RequestSendThread.doWork(ControllerChannelManager.scala:251)
	at org.apache.kafka.server.util.ShutdownableThread.run(ShutdownableThread.java:130)
[2023-11-16 19:04:01,818] INFO [ReplicaStateMachine controllerId=0] Triggering offline replica state changes (kafka.controller.ZkReplicaStateMachine)
[2023-11-16 19:04:01,819] DEBUG [ReplicaStateMachine controllerId=0] Started replica state machine with initial state -> HashMap([Topic=testtopic,Partition=0,Replica=0] -> OnlineReplica) (kafka.controller.ZkReplicaStateMachine)
[2023-11-16 19:04:01,819] INFO [PartitionStateMachine controllerId=0] Initializing partition state (kafka.controller.ZkPartitionStateMachine)
[2023-11-16 19:04:01,821] INFO [PartitionStateMachine controllerId=0] Triggering online partition state changes (kafka.controller.ZkPartitionStateMachine)
[2023-11-16 19:04:01,823] DEBUG [PartitionStateMachine controllerId=0] Started partition state machine with initial state -> HashMap(testtopic-0 -> OnlinePartition) (kafka.controller.ZkPartitionStateMachine)
[2023-11-16 19:04:01,823] INFO [Controller id=0] Ready to serve as the new controller with epoch 2 (kafka.controller.KafkaController)
[2023-11-16 19:04:01,827] INFO [Controller id=0] Partitions undergoing preferred replica election:  (kafka.controller.KafkaController)
[2023-11-16 19:04:01,828] INFO [Controller id=0] Partitions that completed preferred replica election:  (kafka.controller.KafkaController)
[2023-11-16 19:04:01,828] INFO [Controller id=0] Skipping preferred replica election for partitions due to topic deletion:  (kafka.controller.KafkaController)
[2023-11-16 19:04:01,828] INFO [Controller id=0] Resuming preferred replica election for partitions:  (kafka.controller.KafkaController)
[2023-11-16 19:04:01,829] INFO [Controller id=0] Starting replica leader election (PREFERRED) for partitions  triggered by ZkTriggered (kafka.controller.KafkaController)
[2023-11-16 19:04:01,850] INFO [Controller id=0] Starting the controller scheduler (kafka.controller.KafkaController)
[2023-11-16 19:04:01,908] INFO [RequestSendThread controllerId=0] Controller 0 connected to aryan-Swift-SF314-55G:9092 (id: 0 rack: null) for sending state change requests (kafka.controller.RequestSendThread)
[2023-11-16 19:04:06,853] INFO [Controller id=0] Processing automatic preferred replica leader election (kafka.controller.KafkaController)
[2023-11-16 19:04:06,854] TRACE [Controller id=0] Checking need to trigger auto leader balancing (kafka.controller.KafkaController)
[2023-11-16 19:04:06,860] DEBUG [Controller id=0] Topics not in preferred replica for broker 0 Map() (kafka.controller.KafkaController)
[2023-11-16 19:04:06,864] TRACE [Controller id=0] Leader imbalance ratio for broker 0 is 0.0 (kafka.controller.KafkaController)
[2023-11-16 19:09:06,865] INFO [Controller id=0] Processing automatic preferred replica leader election (kafka.controller.KafkaController)
[2023-11-16 19:09:06,865] TRACE [Controller id=0] Checking need to trigger auto leader balancing (kafka.controller.KafkaController)
[2023-11-16 19:09:06,866] DEBUG [Controller id=0] Topics not in preferred replica for broker 0 Map() (kafka.controller.KafkaController)
[2023-11-16 19:09:06,866] TRACE [Controller id=0] Leader imbalance ratio for broker 0 is 0.0 (kafka.controller.KafkaController)
[2023-11-16 19:14:06,876] INFO [Controller id=0] Processing automatic preferred replica leader election (kafka.controller.KafkaController)
[2023-11-16 19:14:06,876] TRACE [Controller id=0] Checking need to trigger auto leader balancing (kafka.controller.KafkaController)
[2023-11-16 19:14:06,877] DEBUG [Controller id=0] Topics not in preferred replica for broker 0 Map() (kafka.controller.KafkaController)
[2023-11-16 19:14:06,877] TRACE [Controller id=0] Leader imbalance ratio for broker 0 is 0.0 (kafka.controller.KafkaController)
[2023-11-16 19:19:06,878] INFO [Controller id=0] Processing automatic preferred replica leader election (kafka.controller.KafkaController)
[2023-11-16 19:19:06,878] TRACE [Controller id=0] Checking need to trigger auto leader balancing (kafka.controller.KafkaController)
[2023-11-16 19:19:06,879] DEBUG [Controller id=0] Topics not in preferred replica for broker 0 Map() (kafka.controller.KafkaController)
[2023-11-16 19:19:06,879] TRACE [Controller id=0] Leader imbalance ratio for broker 0 is 0.0 (kafka.controller.KafkaController)
[2023-11-16 19:24:06,888] INFO [Controller id=0] Processing automatic preferred replica leader election (kafka.controller.KafkaController)
[2023-11-16 19:24:06,888] TRACE [Controller id=0] Checking need to trigger auto leader balancing (kafka.controller.KafkaController)
[2023-11-16 19:24:06,889] DEBUG [Controller id=0] Topics not in preferred replica for broker 0 Map() (kafka.controller.KafkaController)
[2023-11-16 19:24:06,889] TRACE [Controller id=0] Leader imbalance ratio for broker 0 is 0.0 (kafka.controller.KafkaController)
[2023-11-16 19:29:06,890] INFO [Controller id=0] Processing automatic preferred replica leader election (kafka.controller.KafkaController)
[2023-11-16 19:29:06,890] TRACE [Controller id=0] Checking need to trigger auto leader balancing (kafka.controller.KafkaController)
[2023-11-16 19:29:06,891] DEBUG [Controller id=0] Topics not in preferred replica for broker 0 Map() (kafka.controller.KafkaController)
[2023-11-16 19:29:06,891] TRACE [Controller id=0] Leader imbalance ratio for broker 0 is 0.0 (kafka.controller.KafkaController)
[2023-11-16 19:34:06,892] INFO [Controller id=0] Processing automatic preferred replica leader election (kafka.controller.KafkaController)
[2023-11-16 19:34:06,892] TRACE [Controller id=0] Checking need to trigger auto leader balancing (kafka.controller.KafkaController)
[2023-11-16 19:34:06,893] DEBUG [Controller id=0] Topics not in preferred replica for broker 0 Map() (kafka.controller.KafkaController)
[2023-11-16 19:34:06,893] TRACE [Controller id=0] Leader imbalance ratio for broker 0 is 0.0 (kafka.controller.KafkaController)
[2023-11-16 19:39:06,894] INFO [Controller id=0] Processing automatic preferred replica leader election (kafka.controller.KafkaController)
[2023-11-16 19:39:06,894] TRACE [Controller id=0] Checking need to trigger auto leader balancing (kafka.controller.KafkaController)
[2023-11-16 19:39:06,894] DEBUG [Controller id=0] Topics not in preferred replica for broker 0 Map() (kafka.controller.KafkaController)
[2023-11-16 19:39:06,894] TRACE [Controller id=0] Leader imbalance ratio for broker 0 is 0.0 (kafka.controller.KafkaController)
[2023-11-16 19:44:06,895] INFO [Controller id=0] Processing automatic preferred replica leader election (kafka.controller.KafkaController)
[2023-11-16 19:44:06,896] TRACE [Controller id=0] Checking need to trigger auto leader balancing (kafka.controller.KafkaController)
[2023-11-16 19:44:06,897] DEBUG [Controller id=0] Topics not in preferred replica for broker 0 Map() (kafka.controller.KafkaController)
[2023-11-16 19:44:06,897] TRACE [Controller id=0] Leader imbalance ratio for broker 0 is 0.0 (kafka.controller.KafkaController)
[2023-11-16 19:49:06,898] INFO [Controller id=0] Processing automatic preferred replica leader election (kafka.controller.KafkaController)
[2023-11-16 19:49:06,898] TRACE [Controller id=0] Checking need to trigger auto leader balancing (kafka.controller.KafkaController)
[2023-11-16 19:49:06,899] DEBUG [Controller id=0] Topics not in preferred replica for broker 0 Map() (kafka.controller.KafkaController)
[2023-11-16 19:49:06,899] TRACE [Controller id=0] Leader imbalance ratio for broker 0 is 0.0 (kafka.controller.KafkaController)
[2023-11-16 19:54:05,511] INFO [Controller id=0] Processing automatic preferred replica leader election (kafka.controller.KafkaController)
[2023-11-16 19:54:05,511] TRACE [Controller id=0] Checking need to trigger auto leader balancing (kafka.controller.KafkaController)
[2023-11-16 19:54:05,512] DEBUG [Controller id=0] Topics not in preferred replica for broker 0 Map() (kafka.controller.KafkaController)
[2023-11-16 19:54:05,513] TRACE [Controller id=0] Leader imbalance ratio for broker 0 is 0.0 (kafka.controller.KafkaController)
[2023-11-16 19:59:05,514] INFO [Controller id=0] Processing automatic preferred replica leader election (kafka.controller.KafkaController)
[2023-11-16 19:59:05,514] TRACE [Controller id=0] Checking need to trigger auto leader balancing (kafka.controller.KafkaController)
[2023-11-16 19:59:05,515] DEBUG [Controller id=0] Topics not in preferred replica for broker 0 Map() (kafka.controller.KafkaController)
[2023-11-16 19:59:05,515] TRACE [Controller id=0] Leader imbalance ratio for broker 0 is 0.0 (kafka.controller.KafkaController)
