[2023-11-17 00:05:54,067] INFO autopurge.snapRetainCount set to 3 (org.apache.zookeeper.server.DatadirCleanupManager)
[2023-11-17 00:05:54,067] INFO autopurge.purgeInterval set to 0 (org.apache.zookeeper.server.DatadirCleanupManager)
[2023-11-17 00:05:54,067] INFO Purge task is not scheduled. (org.apache.zookeeper.server.DatadirCleanupManager)
[2023-11-17 00:05:54,067] WARN Either no config or no quorum defined in config, running in standalone mode (org.apache.zookeeper.server.quorum.QuorumPeerMain)
[2023-11-17 00:05:54,069] INFO Log4j 1.2 jmx support not found; jmx disabled. (org.apache.zookeeper.jmx.ManagedUtil)
[2023-11-17 00:05:54,070] ERROR Invalid arguments, exiting abnormally (org.apache.zookeeper.server.ZooKeeperServerMain)
java.lang.NumberFormatException: For input string: "--config"
	at java.base/java.lang.NumberFormatException.forInputString(NumberFormatException.java:67)
	at java.base/java.lang.Integer.parseInt(Integer.java:668)
	at java.base/java.lang.Integer.parseInt(Integer.java:784)
	at org.apache.zookeeper.server.ServerConfig.parse(ServerConfig.java:78)
	at org.apache.zookeeper.server.ZooKeeperServerMain.initializeAndRun(ZooKeeperServerMain.java:110)
	at org.apache.zookeeper.server.ZooKeeperServerMain.main(ZooKeeperServerMain.java:68)
	at org.apache.zookeeper.server.quorum.QuorumPeerMain.initializeAndRun(QuorumPeerMain.java:141)
	at org.apache.zookeeper.server.quorum.QuorumPeerMain.main(QuorumPeerMain.java:91)
[2023-11-17 00:05:54,071] INFO Usage: ZooKeeperServerMain configfile | port datadir [ticktime] [maxcnxns] (org.apache.zookeeper.server.ZooKeeperServerMain)
[2023-11-17 00:05:54,071] INFO ZooKeeper audit is disabled. (org.apache.zookeeper.audit.ZKAuditProvider)
[2023-11-17 00:05:54,072] ERROR Exiting JVM with code 2 (org.apache.zookeeper.util.ServiceUtils)
[2023-11-17 00:07:01,290] INFO autopurge.snapRetainCount set to 3 (org.apache.zookeeper.server.DatadirCleanupManager)
[2023-11-17 00:07:01,291] INFO autopurge.purgeInterval set to 0 (org.apache.zookeeper.server.DatadirCleanupManager)
[2023-11-17 00:07:01,291] INFO Purge task is not scheduled. (org.apache.zookeeper.server.DatadirCleanupManager)
[2023-11-17 00:07:01,291] WARN Either no config or no quorum defined in config, running in standalone mode (org.apache.zookeeper.server.quorum.QuorumPeerMain)
[2023-11-17 00:07:01,292] INFO Log4j 1.2 jmx support not found; jmx disabled. (org.apache.zookeeper.jmx.ManagedUtil)
[2023-11-17 00:07:01,293] ERROR Invalid arguments, exiting abnormally (org.apache.zookeeper.server.ZooKeeperServerMain)
java.lang.NumberFormatException: For input string: "--config"
	at java.base/java.lang.NumberFormatException.forInputString(NumberFormatException.java:67)
	at java.base/java.lang.Integer.parseInt(Integer.java:668)
	at java.base/java.lang.Integer.parseInt(Integer.java:784)
	at org.apache.zookeeper.server.ServerConfig.parse(ServerConfig.java:78)
	at org.apache.zookeeper.server.ZooKeeperServerMain.initializeAndRun(ZooKeeperServerMain.java:110)
	at org.apache.zookeeper.server.ZooKeeperServerMain.main(ZooKeeperServerMain.java:68)
	at org.apache.zookeeper.server.quorum.QuorumPeerMain.initializeAndRun(QuorumPeerMain.java:141)
	at org.apache.zookeeper.server.quorum.QuorumPeerMain.main(QuorumPeerMain.java:91)
[2023-11-17 00:07:01,294] INFO Usage: ZooKeeperServerMain configfile | port datadir [ticktime] [maxcnxns] (org.apache.zookeeper.server.ZooKeeperServerMain)
[2023-11-17 00:07:01,295] INFO ZooKeeper audit is disabled. (org.apache.zookeeper.audit.ZKAuditProvider)
[2023-11-17 00:07:01,296] ERROR Exiting JVM with code 2 (org.apache.zookeeper.util.ServiceUtils)
